[debug] [2020-11-13T21:32:33.521Z] ----------------------------------------------------------------------
[debug] [2020-11-13T21:32:33.525Z] Command:       /Users/alex/.nvm/versions/node/v10.13.0/bin/node /Users/alex/.nvm/versions/node/v10.13.0/bin/firebase functions:shell
[debug] [2020-11-13T21:32:33.526Z] CLI Version:   8.16.1
[debug] [2020-11-13T21:32:33.526Z] Platform:      darwin
[debug] [2020-11-13T21:32:33.526Z] Node Version:  v10.13.0
[debug] [2020-11-13T21:32:33.532Z] Time:          Fri Nov 13 2020 13:32:33 GMT-0800 (Pacific Standard Time)
[debug] [2020-11-13T21:32:33.532Z] ----------------------------------------------------------------------
[debug] [2020-11-13T21:32:33.533Z] 
[debug] [2020-11-13T21:32:33.554Z] > command requires scopes: ["email","openid","https://www.googleapis.com/auth/cloudplatformprojects.readonly","https://www.googleapis.com/auth/firebase","https://www.googleapis.com/auth/cloud-platform"]
[debug] [2020-11-13T21:32:33.555Z] > authorizing via signed-in user
[debug] [2020-11-13T21:32:33.555Z] [iam] checking project pairboarddev for permissions ["firebase.projects.get"]
[debug] [2020-11-13T21:32:33.559Z] > refreshing access token with scopes: ["email","https://www.googleapis.com/auth/cloud-platform","https://www.googleapis.com/auth/cloudplatformprojects.readonly","https://www.googleapis.com/auth/firebase","openid"]
[debug] [2020-11-13T21:32:33.560Z] >>> HTTP REQUEST POST https://www.googleapis.com/oauth2/v3/token  
 <request body omitted>
[debug] [2020-11-13T21:32:33.878Z] <<< HTTP RESPONSE 200 {"cache-control":"no-cache, no-store, max-age=0, must-revalidate","date":"Fri, 13 Nov 2020 21:32:33 GMT","pragma":"no-cache","expires":"Mon, 01 Jan 1990 00:00:00 GMT","content-type":"application/json; charset=utf-8","vary":"X-Origin, Referer, Origin,Accept-Encoding","server":"scaffolding on HTTPServer2","x-xss-protection":"0","x-frame-options":"SAMEORIGIN","x-content-type-options":"nosniff","alt-svc":"h3-Q050=\":443\"; ma=2592000,h3-29=\":443\"; ma=2592000,h3-T051=\":443\"; ma=2592000,h3-Q046=\":443\"; ma=2592000,h3-Q043=\":443\"; ma=2592000,quic=\":443\"; ma=2592000; v=\"46,43\"","accept-ranges":"none","transfer-encoding":"chunked"}
[debug] [2020-11-13T21:32:33.899Z] >>> HTTP REQUEST POST https://cloudresourcemanager.googleapis.com/v1/projects/pairboarddev:testIamPermissions  
 {"permissions":["firebase.projects.get"]}
[debug] [2020-11-13T21:32:34.167Z] <<< HTTP RESPONSE 200 {"content-type":"application/json; charset=UTF-8","vary":"X-Origin, Referer, Origin,Accept-Encoding","date":"Fri, 13 Nov 2020 21:32:34 GMT","server":"ESF","cache-control":"private","x-xss-protection":"0","x-frame-options":"SAMEORIGIN","x-content-type-options":"nosniff","server-timing":"gfet4t7; dur=48","alt-svc":"h3-Q050=\":443\"; ma=2592000,h3-29=\":443\"; ma=2592000,h3-T051=\":443\"; ma=2592000,h3-Q046=\":443\"; ma=2592000,h3-Q043=\":443\"; ma=2592000,quic=\":443\"; ma=2592000; v=\"46,43\"","accept-ranges":"none","transfer-encoding":"chunked"}
[debug] [2020-11-13T21:32:34.180Z] [functions] Using node@10 from host.
[debug] [2020-11-13T21:32:34.184Z] defaultcredentials: writing to file /Users/alex/.config/firebase/alexander97_george_gmail.com_application_default_credentials.json
[debug] [2020-11-13T21:32:34.188Z] DEBUG: Setting GAC to /Users/alex/.config/firebase/alexander97_george_gmail.com_application_default_credentials.json
[debug] [2020-11-13T21:32:34.197Z] [functions] Watching "/Users/alex/pairboard.dev/functions" for Cloud Functions...
[debug] [2020-11-13T21:32:34.207Z] DEBUG: [worker-pool] addWorker(~diagnostic~)
[debug] [2020-11-13T21:32:34.207Z] DEBUG: [worker-pool] Adding worker with key ~diagnostic~, total=1
[debug] [2020-11-13T21:32:34.207Z] DEBUG: [worker-pool] submitWork(triggerId=)
[debug] [2020-11-13T21:32:34.208Z] DEBUG: [worker-~diagnostic~-d26f40d8-faf9-4df6-8b98-03544e92c176]: Assigning socketPath: /var/folders/8z/jh3pwm853fbfr2p5k92w20240000gn/T/fire_emu_7126.sock
[debug] [2020-11-13T21:32:34.208Z] DEBUG: [worker-~diagnostic~-d26f40d8-faf9-4df6-8b98-03544e92c176]: BUSY
[debug] [2020-11-13T21:32:34.613Z] DEBUG: [runtime-status] [7126] Functions runtime initialized. {"cwd":"/Users/alex/pairboard.dev/functions","node_version":"10.13.0"}
[debug] [2020-11-13T21:32:34.615Z] DEBUG: [runtime-status] [7126] Disabled runtime features: undefined
[debug] [2020-11-13T21:32:34.621Z] DEBUG: [runtime-status] [7126] Resolved module firebase-admin {"declared":true,"installed":true,"version":"8.13.0","resolution":"/Users/alex/pairboard.dev/functions/node_modules/firebase-admin/lib/index.js"}
[debug] [2020-11-13T21:32:34.625Z] DEBUG: [runtime-status] [7126] Resolved module firebase-functions {"declared":true,"installed":true,"version":"3.11.0","resolution":"/Users/alex/pairboard.dev/functions/node_modules/firebase-functions/lib/index.js"}
[debug] [2020-11-13T21:32:34.628Z] DEBUG: [runtime-status] [7126] Resolved module firebase-functions {"declared":true,"installed":true,"version":"3.11.0","resolution":"/Users/alex/pairboard.dev/functions/node_modules/firebase-functions/lib/index.js"}
[debug] [2020-11-13T21:32:34.632Z] DEBUG: [runtime-status] [7126] Outgoing network have been stubbed. [{"name":"http","status":"mocked"},{"name":"http","status":"mocked"},{"name":"https","status":"mocked"},{"name":"https","status":"mocked"},{"name":"net","status":"mocked"}]
[debug] [2020-11-13T21:32:34.633Z] DEBUG: [runtime-status] [7126] Resolved module firebase-functions {"declared":true,"installed":true,"version":"3.11.0","resolution":"/Users/alex/pairboard.dev/functions/node_modules/firebase-functions/lib/index.js"}
[debug] [2020-11-13T21:32:34.751Z] DEBUG: [runtime-status] [7126] Checked functions.config() {"config":{}}
[debug] [2020-11-13T21:32:34.751Z] DEBUG: [runtime-status] [7126] firebase-functions has been stubbed. {"functionsResolution":{"declared":true,"installed":true,"version":"3.11.0","resolution":"/Users/alex/pairboard.dev/functions/node_modules/firebase-functions/lib/index.js"}}
[debug] [2020-11-13T21:32:34.752Z] DEBUG: [runtime-status] [7126] Resolved module firebase-functions {"declared":true,"installed":true,"version":"3.11.0","resolution":"/Users/alex/pairboard.dev/functions/node_modules/firebase-functions/lib/index.js"}
[debug] [2020-11-13T21:32:34.753Z] DEBUG: [runtime-status] [7126] Resolved module firebase-admin {"declared":true,"installed":true,"version":"8.13.0","resolution":"/Users/alex/pairboard.dev/functions/node_modules/firebase-admin/lib/index.js"}
[debug] [2020-11-13T21:32:34.754Z] DEBUG: [runtime-status] [7126] Resolved module firebase-functions {"declared":true,"installed":true,"version":"3.11.0","resolution":"/Users/alex/pairboard.dev/functions/node_modules/firebase-functions/lib/index.js"}
[debug] [2020-11-13T21:32:34.754Z] DEBUG: [runtime-status] [7126] firebase-admin has been stubbed. {"adminResolution":{"declared":true,"installed":true,"version":"8.13.0","resolution":"/Users/alex/pairboard.dev/functions/node_modules/firebase-admin/lib/index.js"}}
[warn] ⚠  It looks like you're trying to access functions.config().algolia but there is no value there. You can learn more about setting up config here: https://firebase.google.com/docs/functions/local-emulator {"metadata":{"emulator":{"name":"functions"},"message":"It looks like you're trying to access functions.config().algolia but there is no value there. You can learn more about setting up config here: https://firebase.google.com/docs/functions/local-emulator"}}
[warn] ⚠  TypeError: Cannot read property 'app' of undefined
    at Object.<anonymous> (/Users/alex/pairboard.dev/functions/index.js:4:42)
    at Module._compile (internal/modules/cjs/loader.js:688:30)
    at Object.Module._extensions..js (internal/modules/cjs/loader.js:699:10)
    at Module.load (internal/modules/cjs/loader.js:598:32)
    at tryModuleLoad (internal/modules/cjs/loader.js:537:12)
    at Function.Module._load (internal/modules/cjs/loader.js:529:3)
    at Module.require (internal/modules/cjs/loader.js:636:17)
    at require (internal/modules/cjs/helpers.js:20:18)
    at /Users/alex/.nvm/versions/node/v10.13.0/lib/node_modules/firebase-tools/lib/emulator/functionsEmulatorRuntime.js:698:33
    at Generator.next (<anonymous>) {"metadata":{"emulator":{"name":"functions"},"message":"TypeError: Cannot read property 'app' of undefined\n    at Object.<anonymous> (/Users/alex/pairboard.dev/functions/index.js:4:42)\n    at Module._compile (internal/modules/cjs/loader.js:688:30)\n    at Object.Module._extensions..js (internal/modules/cjs/loader.js:699:10)\n    at Module.load (internal/modules/cjs/loader.js:598:32)\n    at tryModuleLoad (internal/modules/cjs/loader.js:537:12)\n    at Function.Module._load (internal/modules/cjs/loader.js:529:3)\n    at Module.require (internal/modules/cjs/loader.js:636:17)\n    at require (internal/modules/cjs/helpers.js:20:18)\n    at /Users/alex/.nvm/versions/node/v10.13.0/lib/node_modules/firebase-tools/lib/emulator/functionsEmulatorRuntime.js:698:33\n    at Generator.next (<anonymous>)"}}
[warn] ⚠  We were unable to load your functions code. (see above) {"metadata":{"emulator":{"name":"functions"}}}
[debug] [2020-11-13T21:32:34.835Z] DEBUG: [worker-~diagnostic~-d26f40d8-faf9-4df6-8b98-03544e92c176]: exited
[debug] [2020-11-13T21:32:34.835Z] DEBUG: [worker-~diagnostic~-d26f40d8-faf9-4df6-8b98-03544e92c176]: FINISHED
